Base path: /Applications/Unity/Unity.app/Contents
Pipe name: \\.\pipe\UnityShaderCompiler-2--1334542336
Cmd: getPlatforms
Cmd: compileSnippet
  api=1 type=0 insize=4663 outsize=595 kw=DIRECTIONAL LIGHTMAP_OFF DIRLIGHTMAP_OFF ok=1
Cmd: compileSnippet
  api=1 type=0 insize=4663 outsize=190 kw=DIRECTIONAL LIGHTMAP_ON DIRLIGHTMAP_OFF ok=1
Cmd: compileSnippet
  api=8 type=0 insize=4663 outsize=2048 kw=DIRECTIONAL LIGHTMAP_ON DIRLIGHTMAP_OFF ok=1
Cmd: compileSnippet
  api=1 type=0 insize=4663 outsize=190 kw=DIRECTIONAL LIGHTMAP_ON DIRLIGHTMAP_ON ok=1
Cmd: compileSnippet
  api=0 type=0 insize=4663 outsize=1566 kw=DIRECTIONAL LIGHTMAP_OFF DIRLIGHTMAP_OFF VERTEXLIGHT_ON ok=1
Cmd: compileSnippet
  api=4 type=0 insize=4663 outsize=4329 kw=DIRECTIONAL LIGHTMAP_OFF DIRLIGHTMAP_OFF VERTEXLIGHT_ON ok=1
Cmd: compileSnippet
  api=1 type=1 insize=4663 outsize=270 kw=DIRECTIONAL LIGHTMAP_OFF DIRLIGHTMAP_OFF ok=1
Cmd: compileSnippet
  api=8 type=1 insize=4663 outsize=1828 kw=DIRECTIONAL LIGHTMAP_OFF DIRLIGHTMAP_OFF ok=1
Cmd: compileSnippet
  api=8 type=1 insize=4663 outsize=1503 kw=DIRECTIONAL LIGHTMAP_ON DIRLIGHTMAP_OFF ok=1
Cmd: compileSnippet
  api=1 type=1 insize=4663 outsize=210 kw=DIRECTIONAL LIGHTMAP_ON DIRLIGHTMAP_ON ok=1
Cmd: compileSnippet
  api=8 type=1 insize=4663 outsize=1503 kw=DIRECTIONAL LIGHTMAP_ON DIRLIGHTMAP_ON ok=1
Cmd: compileSnippet
  api=1 type=0 insize=2621 outsize=383 kw=POINT ok=1
Cmd: compileSnippet
  api=1 type=0 insize=2621 outsize=253 kw=DIRECTIONAL ok=1
Cmd: compileSnippet
  api=4 type=0 insize=2621 outsize=1851 kw=DIRECTIONAL ok=1
Cmd: compileSnippet
  api=0 type=0 insize=2621 outsize=854 kw=SPOT ok=1
Cmd: compileSnippet
  api=4 type=0 insize=2621 outsize=2875 kw=SPOT ok=1
Cmd: compileSnippet
  api=0 type=0 insize=2621 outsize=817 kw=POINT_COOKIE ok=1
Cmd: compileSnippet
  api=1 type=0 insize=2621 outsize=383 kw=POINT_COOKIE ok=1
Cmd: compileSnippet
  api=0 type=0 insize=2621 outsize=775 kw=DIRECTIONAL_COOKIE ok=1
Cmd: compileSnippet
  api=1 type=0 insize=2621 outsize=359 kw=DIRECTIONAL_COOKIE ok=1
Cmd: compileSnippet
  api=1 type=1 insize=2621 outsize=397 kw=POINT ok=1
Cmd: compileSnippet
  api=8 type=1 insize=2621 outsize=2275 kw=POINT ok=1
Cmd: compileSnippet
  api=8 type=1 insize=2621 outsize=1674 kw=DIRECTIONAL ok=1
Cmd: compileSnippet
  api=4 type=1 insize=2621 outsize=2038 kw=SPOT ok=1
Cmd: compileSnippet
  api=0 type=1 insize=2621 outsize=609 kw=POINT_COOKIE ok=1
Cmd: compileSnippet
  api=1 type=1 insize=2621 outsize=445 kw=POINT_COOKIE ok=1
Cmd: compileSnippet
  api=8 type=1 insize=2621 outsize=2552 kw=POINT_COOKIE ok=1
Cmd: compileSnippet
  api=1 type=1 insize=2621 outsize=321 kw=DIRECTIONAL_COOKIE ok=1
Cmd: compileSnippet
  api=8 type=1 insize=2621 outsize=2007 kw=DIRECTIONAL_COOKIE ok=1
Cmd: compileSnippet
  api=1 type=0 insize=4438 outsize=595 kw=DIRECTIONAL LIGHTMAP_OFF DIRLIGHTMAP_OFF ok=1
Cmd: compileSnippet
  api=0 type=0 insize=4438 outsize=436 kw=DIRECTIONAL LIGHTMAP_ON DIRLIGHTMAP_OFF ok=1
Cmd: compileSnippet
  api=4 type=0 insize=4438 outsize=1493 kw=DIRECTIONAL LIGHTMAP_ON DIRLIGHTMAP_OFF ok=1
Cmd: compileSnippet
  api=8 type=0 insize=4438 outsize=2048 kw=DIRECTIONAL LIGHTMAP_ON DIRLIGHTMAP_OFF ok=1
Cmd: compileSnippet
  api=1 type=0 insize=4438 outsize=190 kw=DIRECTIONAL LIGHTMAP_ON DIRLIGHTMAP_ON ok=1
Cmd: compileSnippet
  api=0 type=0 insize=4438 outsize=1566 kw=DIRECTIONAL LIGHTMAP_OFF DIRLIGHTMAP_OFF VERTEXLIGHT_ON ok=1
Cmd: compileSnippet
  api=4 type=0 insize=4438 outsize=4329 kw=DIRECTIONAL LIGHTMAP_OFF DIRLIGHTMAP_OFF VERTEXLIGHT_ON ok=1
Cmd: compileSnippet
  api=1 type=1 insize=4438 outsize=270 kw=DIRECTIONAL LIGHTMAP_OFF DIRLIGHTMAP_OFF ok=1
Cmd: compileSnippet
  api=8 type=1 insize=4438 outsize=1828 kw=DIRECTIONAL LIGHTMAP_OFF DIRLIGHTMAP_OFF ok=1
Cmd: compileSnippet
  api=4 type=1 insize=4438 outsize=1030 kw=DIRECTIONAL LIGHTMAP_ON DIRLIGHTMAP_OFF ok=1
Cmd: compileSnippet
  api=0 type=1 insize=4438 outsize=276 kw=DIRECTIONAL LIGHTMAP_ON DIRLIGHTMAP_ON ok=1
Cmd: compileSnippet
  api=4 type=1 insize=4438 outsize=1030 kw=DIRECTIONAL LIGHTMAP_ON DIRLIGHTMAP_ON ok=1
Cmd: compileSnippet
  api=1 type=0 insize=2395 outsize=383 kw=POINT ok=1
Cmd: compileSnippet
  api=1 type=0 insize=2395 outsize=253 kw=DIRECTIONAL ok=1
Cmd: compileSnippet
  api=4 type=0 insize=2395 outsize=1851 kw=DIRECTIONAL ok=1
Cmd: compileSnippet
  api=0 type=0 insize=2395 outsize=854 kw=SPOT ok=1
Cmd: compileSnippet
  api=4 type=0 insize=2395 outsize=2875 kw=SPOT ok=1
Cmd: compileSnippet
  api=0 type=0 insize=2395 outsize=817 kw=POINT_COOKIE ok=1
Cmd: compileSnippet
  api=1 type=0 insize=2395 outsize=383 kw=POINT_COOKIE ok=1
Cmd: compileSnippet
  api=0 type=0 insize=2395 outsize=775 kw=DIRECTIONAL_COOKIE ok=1
Cmd: compileSnippet
  api=1 type=0 insize=2395 outsize=359 kw=DIRECTIONAL_COOKIE ok=1
Cmd: compileSnippet
  api=1 type=1 insize=2395 outsize=397 kw=POINT ok=1
Cmd: compileSnippet
  api=8 type=1 insize=2395 outsize=2275 kw=POINT ok=1
Cmd: compileSnippet
  api=8 type=1 insize=2395 outsize=1674 kw=DIRECTIONAL ok=1
Cmd: compileSnippet
  api=4 type=1 insize=2395 outsize=2038 kw=SPOT ok=1
Cmd: compileSnippet
  api=0 type=1 insize=2395 outsize=609 kw=POINT_COOKIE ok=1
Cmd: compileSnippet
  api=1 type=1 insize=2395 outsize=445 kw=POINT_COOKIE ok=1
Cmd: compileSnippet
  api=8 type=1 insize=2395 outsize=2552 kw=POINT_COOKIE ok=1
Cmd: compileSnippet
  api=4 type=1 insize=2395 outsize=1331 kw=DIRECTIONAL_COOKIE ok=1
End of pipe

Quitting shader compiler process
